<?xml version="1.0" encoding="UTF-8"?>
<testsuite name="RPSTest" tests="1" skipped="0" failures="0" errors="0" timestamp="2016-04-20T22:01:47" hostname="epicodus-49.local" time="0.0">
  <properties/>
  <testcase name="isRPS_isMessageShowing_String" classname="RPSTest" time="0.0"/>
  <system-out><![CDATA[]]></system-out>
  <system-err><![CDATA[]]></system-err>
</testsuite>
